Determining if the pthread_create exist failed with the following output:
Change Dir: /home/eharano/exjobb/hevc_transcoding-eharano/software/d65_gt/build_pruning/CMakeFiles/CMakeTmp

Run Build Command:/usr/bin/gmake "cmTryCompileExec1515310808/fast"
/usr/bin/gmake -f CMakeFiles/cmTryCompileExec1515310808.dir/build.make CMakeFiles/cmTryCompileExec1515310808.dir/build
gmake[1]: Entering directory `/home/eharano/exjobb/hevc_transcoding-eharano/software/d65_gt/build_pruning/CMakeFiles/CMakeTmp'
/usr/bin/cmake -E cmake_progress_report /home/eharano/exjobb/hevc_transcoding-eharano/software/d65_gt/build_pruning/CMakeFiles/CMakeTmp/CMakeFiles 1
Building C object CMakeFiles/cmTryCompileExec1515310808.dir/CheckSymbolExists.c.o
/usr/bin/cc    -o CMakeFiles/cmTryCompileExec1515310808.dir/CheckSymbolExists.c.o   -c /home/eharano/exjobb/hevc_transcoding-eharano/software/d65_gt/build_pruning/CMakeFiles/CMakeTmp/CheckSymbolExists.c
Linking C executable cmTryCompileExec1515310808
/usr/bin/cmake -E cmake_link_script CMakeFiles/cmTryCompileExec1515310808.dir/link.txt --verbose=1
/usr/bin/cc       CMakeFiles/cmTryCompileExec1515310808.dir/CheckSymbolExists.c.o  -o cmTryCompileExec1515310808 -rdynamic 
CMakeFiles/cmTryCompileExec1515310808.dir/CheckSymbolExists.c.o: In function `main':
CheckSymbolExists.c:(.text+0xc): undefined reference to `pthread_create'
collect2: ld returned 1 exit status
gmake[1]: Leaving directory `/home/eharano/exjobb/hevc_transcoding-eharano/software/d65_gt/build_pruning/CMakeFiles/CMakeTmp'
gmake[1]: *** [cmTryCompileExec1515310808] Error 1
gmake: *** [cmTryCompileExec1515310808/fast] Error 2

File /home/eharano/exjobb/hevc_transcoding-eharano/software/d65_gt/build_pruning/CMakeFiles/CMakeTmp/CheckSymbolExists.c:
/* */
#include <pthread.h>

int main(int argc, char** argv)
{
  (void)argv;
#ifndef pthread_create
  return ((int*)(&pthread_create))[argc];
#else
  (void)argc;
  return 0;
#endif
}

Determining if the function pthread_create exists in the pthreads failed with the following output:
Change Dir: /home/eharano/exjobb/hevc_transcoding-eharano/software/d65_gt/build_pruning/CMakeFiles/CMakeTmp

Run Build Command:/usr/bin/gmake "cmTryCompileExec58872712/fast"
/usr/bin/gmake -f CMakeFiles/cmTryCompileExec58872712.dir/build.make CMakeFiles/cmTryCompileExec58872712.dir/build
gmake[1]: Entering directory `/home/eharano/exjobb/hevc_transcoding-eharano/software/d65_gt/build_pruning/CMakeFiles/CMakeTmp'
/usr/bin/cmake -E cmake_progress_report /home/eharano/exjobb/hevc_transcoding-eharano/software/d65_gt/build_pruning/CMakeFiles/CMakeTmp/CMakeFiles 1
Building C object CMakeFiles/cmTryCompileExec58872712.dir/CheckFunctionExists.c.o
/usr/bin/cc   -DCHECK_FUNCTION_EXISTS=pthread_create   -o CMakeFiles/cmTryCompileExec58872712.dir/CheckFunctionExists.c.o   -c /usr/share/cmake/Modules/CheckFunctionExists.c
Linking C executable cmTryCompileExec58872712
/usr/bin/cmake -E cmake_link_script CMakeFiles/cmTryCompileExec58872712.dir/link.txt --verbose=1
/usr/bin/cc   -DCHECK_FUNCTION_EXISTS=pthread_create    CMakeFiles/cmTryCompileExec58872712.dir/CheckFunctionExists.c.o  -o cmTryCompileExec58872712 -rdynamic -lpthreads 
/usr/bin/ld: cannot find -lpthreads
collect2: ld returned 1 exit status
gmake[1]: Leaving directory `/home/eharano/exjobb/hevc_transcoding-eharano/software/d65_gt/build_pruning/CMakeFiles/CMakeTmp'
gmake[1]: *** [cmTryCompileExec58872712] Error 1
gmake: *** [cmTryCompileExec58872712/fast] Error 2


