Determining if the pthread_create exist failed with the following output:
Change Dir: /home/eharano/exjobb/hevc_transcoding-eharano/software/d65_gt/build_dec_order/CMakeFiles/CMakeTmp

Run Build Command:/usr/bin/gmake "cmTryCompileExec788402113/fast"
/usr/bin/gmake -f CMakeFiles/cmTryCompileExec788402113.dir/build.make CMakeFiles/cmTryCompileExec788402113.dir/build
gmake[1]: Entering directory `/home/eharano/exjobb/hevc_transcoding-eharano/software/d65_gt/build_dec_order/CMakeFiles/CMakeTmp'
/usr/bin/cmake -E cmake_progress_report /home/eharano/exjobb/hevc_transcoding-eharano/software/d65_gt/build_dec_order/CMakeFiles/CMakeTmp/CMakeFiles 1
Building C object CMakeFiles/cmTryCompileExec788402113.dir/CheckSymbolExists.c.o
/usr/bin/cc    -o CMakeFiles/cmTryCompileExec788402113.dir/CheckSymbolExists.c.o   -c /home/eharano/exjobb/hevc_transcoding-eharano/software/d65_gt/build_dec_order/CMakeFiles/CMakeTmp/CheckSymbolExists.c
Linking C executable cmTryCompileExec788402113
/usr/bin/cmake -E cmake_link_script CMakeFiles/cmTryCompileExec788402113.dir/link.txt --verbose=1
/usr/bin/cc       CMakeFiles/cmTryCompileExec788402113.dir/CheckSymbolExists.c.o  -o cmTryCompileExec788402113 -rdynamic 
CMakeFiles/cmTryCompileExec788402113.dir/CheckSymbolExists.c.o: In function `main':
CheckSymbolExists.c:(.text+0xc): undefined reference to `pthread_create'
collect2: ld returned 1 exit status
gmake[1]: Leaving directory `/home/eharano/exjobb/hevc_transcoding-eharano/software/d65_gt/build_dec_order/CMakeFiles/CMakeTmp'
gmake[1]: *** [cmTryCompileExec788402113] Error 1
gmake: *** [cmTryCompileExec788402113/fast] Error 2

File /home/eharano/exjobb/hevc_transcoding-eharano/software/d65_gt/build_dec_order/CMakeFiles/CMakeTmp/CheckSymbolExists.c:
/* */
#include <pthread.h>

int main(int argc, char** argv)
{
  (void)argv;
#ifndef pthread_create
  return ((int*)(&pthread_create))[argc];
#else
  (void)argc;
  return 0;
#endif
}

Determining if the function pthread_create exists in the pthreads failed with the following output:
Change Dir: /home/eharano/exjobb/hevc_transcoding-eharano/software/d65_gt/build_dec_order/CMakeFiles/CMakeTmp

Run Build Command:/usr/bin/gmake "cmTryCompileExec951691395/fast"
/usr/bin/gmake -f CMakeFiles/cmTryCompileExec951691395.dir/build.make CMakeFiles/cmTryCompileExec951691395.dir/build
gmake[1]: Entering directory `/home/eharano/exjobb/hevc_transcoding-eharano/software/d65_gt/build_dec_order/CMakeFiles/CMakeTmp'
/usr/bin/cmake -E cmake_progress_report /home/eharano/exjobb/hevc_transcoding-eharano/software/d65_gt/build_dec_order/CMakeFiles/CMakeTmp/CMakeFiles 1
Building C object CMakeFiles/cmTryCompileExec951691395.dir/CheckFunctionExists.c.o
/usr/bin/cc   -DCHECK_FUNCTION_EXISTS=pthread_create   -o CMakeFiles/cmTryCompileExec951691395.dir/CheckFunctionExists.c.o   -c /usr/share/cmake/Modules/CheckFunctionExists.c
Linking C executable cmTryCompileExec951691395
/usr/bin/cmake -E cmake_link_script CMakeFiles/cmTryCompileExec951691395.dir/link.txt --verbose=1
/usr/bin/cc   -DCHECK_FUNCTION_EXISTS=pthread_create    CMakeFiles/cmTryCompileExec951691395.dir/CheckFunctionExists.c.o  -o cmTryCompileExec951691395 -rdynamic -lpthreads 
/usr/bin/ld: cannot find -lpthreads
collect2: ld returned 1 exit status
gmake[1]: *** [cmTryCompileExec951691395] Error 1
gmake[1]: Leaving directory `/home/eharano/exjobb/hevc_transcoding-eharano/software/d65_gt/build_dec_order/CMakeFiles/CMakeTmp'
gmake: *** [cmTryCompileExec951691395/fast] Error 2


